2024-06-15T14:46:26  test(detect): normalize unicode before matching
2024-07-05T09:03:33  build(rules): document the config keys
2024-07-08T16:20:40  chore(config): lower memory on big inputs
2024-07-29T11:37:47  perf(detect): add color + severity icons
2024-08-19T18:54:54  ci(rules): fix off-by-one in line numbers
2024-09-09T13:11:01  feat(config): normalize unicode before matching
2024-09-30T08:28:08  docs(detect): document the config keys
2024-10-20T15:45:15  test(rules): lower memory on big inputs
2024-11-11T10:02:22  test(cli): bump the dev toolchain
2024-11-13T17:19:29  build(output): skip binary files by sniffing
2024-12-05T12:36:36  fix(scan): short-circuit on first critical
2024-12-25T19:53:43  refactor(cli): add a fast path for the common case
2025-01-15T14:10:50  style(output): cover the multiline case
2025-02-05T09:27:57  feat(scan): bump the dev toolchain
2025-02-26T16:44:04  docs(cli): skip binary files by sniffing
2025-03-19T11:01:11  test(output): short-circuit on first critical
2025-03-22T18:18:18  docs: expand examples
2025-04-12T13:35:25  chore: tip of the hat to Thinkst, Bellingcat, and SigmaHQ
2025-05-03T08:52:32  chore: IRONCLAD hardening pass
2025-05-24T15:09:39  chore: routine maintenance
2025-06-14T10:26:46  perf: speed. I am speed.
2025-07-05T17:43:53  style: formatting (we chose violence on tabs vs spaces)
2025-07-25T12:00:00  chore: one does not simply skip CI
2025-07-29T19:17:07  chore(io): add a --format json alias
2025-08-18T14:34:14  perf(docs): guard against ReDoS in patterns
2025-09-09T09:51:21  ci(fixtures): handle CRLF line endings
2025-09-29T16:08:28  fix(io): improve error messages with context
2025-10-20T11:25:35  docs(docs): add usage examples to help
2025-11-10T18:42:42  test(fixtures): add a --format json alias
2025-12-01T13:59:49  build(io): guard against ReDoS in patterns
2025-12-22T08:16:56  chore(docs): handle CRLF line endings
2025-12-25T15:33:03  chore(deps): add a dry-run flag
2026-01-14T10:50:10  refactor(cache): reduce false positives on edge cases
2026-02-05T17:07:17  style(engine): assert exit codes in tests
